<?xml version="1.0" encoding="UTF-8"?>
<robot generator="Robot 7.2.2 (Python 3.13.3 on win32)" generated="2025-05-23T06:15:58.696913" rpa="false" schemaversion="5">
<suite id="s1" name="Post Reserva" source="C:\Users\breme\OneDrive\Área de Trabalho\Compass uol\Compass-uol\ApiTest\tests\post_reserva.robot">
<test id="s1-t1" name="Cenário 01: Criar uma reserva com sucesso" line="6">
<kw name="Criar uma seção no Booker" owner="post_resource">
<kw name="Create Dictionary" owner="BuiltIn">
<msg time="2025-05-23T06:15:59.129812" level="INFO">${HEADERS} = {'Content-Type': 'application/json'}</msg>
<var>${HEADERS}</var>
<arg>Content-Type=application/json</arg>
<doc>Creates and returns a dictionary based on the given ``items``.</doc>
<status status="PASS" start="2025-05-23T06:15:59.129557" elapsed="0.000289"/>
</kw>
<kw name="Create Session" owner="RequestsLibrary">
<msg time="2025-05-23T06:15:59.130163" level="INFO">Creating Session using : alias=Booker, url=https://restful-booker.herokuapp.com, headers={'Content-Type': 'application/json'},                     cookies={}, auth=None, timeout=None, proxies=None, verify=False,                     debug=0 </msg>
<arg>alias=Booker</arg>
<arg>url=${BASE_URL}</arg>
<arg>headers=${HEADERS}</arg>
<doc>Create Session: create a HTTP session to a server</doc>
<status status="PASS" start="2025-05-23T06:15:59.129952" elapsed="0.000369"/>
</kw>
<status status="PASS" start="2025-05-23T06:15:59.129066" elapsed="0.001318"/>
</kw>
<kw name="Criar uma nova reserva" owner="post_reserva_resource">
<kw name="Create Dictionary" owner="BuiltIn">
<msg time="2025-05-23T06:15:59.131056" level="INFO">${BODY} = {'firstname': 'Jim', 'lastname': 'Brown', 'totalprice': '111', 'depositpaid': 'True', 'additionalneeds': 'Breakfast'}</msg>
<var>${BODY}</var>
<arg>firstname=${firstname}</arg>
<arg>lastname=${lastname}</arg>
<arg>totalprice=${totalprice}</arg>
<arg>depositpaid=${depositpaid}</arg>
<arg>additionalneeds=${additionalneeds}</arg>
<doc>Creates and returns a dictionary based on the given ``items``.</doc>
<status status="PASS" start="2025-05-23T06:15:59.130839" elapsed="0.000241"/>
</kw>
<kw name="Create Dictionary" owner="BuiltIn">
<msg time="2025-05-23T06:15:59.131387" level="INFO">${BOOKINGDATES} = {'checkin': '2018-01-01', 'checkout': '2019-01-01'}</msg>
<var>${BOOKINGDATES}</var>
<arg>checkin=${checkin}</arg>
<arg>checkout=${checkout}</arg>
<doc>Creates and returns a dictionary based on the given ``items``.</doc>
<status status="PASS" start="2025-05-23T06:15:59.131225" elapsed="0.000180"/>
</kw>
<kw name="Set To Dictionary" owner="Collections">
<arg>${BODY}</arg>
<arg>bookingdates=${BOOKINGDATES}</arg>
<doc>Adds the given ``key_value_pairs`` and/or ``items`` to the ``dictionary``.</doc>
<status status="PASS" start="2025-05-23T06:15:59.131474" elapsed="0.000106"/>
</kw>
<kw name="POST On Session" owner="RequestsLibrary">
<msg time="2025-05-23T06:15:59.987349" level="INFO">POST Request : url=https://restful-booker.herokuapp.com/booking 
 path_url=/booking 
 headers={'User-Agent': 'python-requests/2.32.3', 'Accept-Encoding': 'gzip, deflate', 'Accept': '*/*', 'Connection': 'keep-alive', 'Content-Type': 'application/json', 'Content-Length': '186'} 
 body=b'{"firstname": "Jim", "lastname": "Brown", "totalprice": "111", "depositpaid": "True", "additionalneeds": "Breakfast", "bookingdates": {"checkin": "2018-01-01", "checkout": "2019-01-01"}}' 
 </msg>
<msg time="2025-05-23T06:15:59.987496" level="INFO">POST Response : url=https://restful-booker.herokuapp.com/booking 
 status=200, reason=OK 
 headers={'Content-Length': '197', 'Content-Type': 'application/json; charset=utf-8', 'Date': 'Fri, 23 May 2025 09:16:00 GMT', 'Etag': 'W/"c5-GTbJH6skp14fM2I4jPrrLg6oUPk"', 'Nel': '{"report_to":"heroku-nel","response_headers":["Via"],"max_age":3600,"success_fraction":0.01,"failure_fraction":0.1}', 'Report-To': '{"group":"heroku-nel","endpoints":[{"url":"https://nel.heroku.com/reports?s=z1aDfxy8kC%2BkiUhChk8XLs3K4M4a%2BdGi4Y1UQqUOvB8%3D\\u0026sid=c46efe9b-d3d2-4a0c-8c76-bfafa16c5add\\u0026ts=1747991760"}],"max_age":3600}', 'Reporting-Endpoints': 'heroku-nel="https://nel.heroku.com/reports?s=z1aDfxy8kC%2BkiUhChk8XLs3K4M4a%2BdGi4Y1UQqUOvB8%3D&amp;sid=c46efe9b-d3d2-4a0c-8c76-bfafa16c5add&amp;ts=1747991760"', 'Server': 'Heroku', 'Via': '1.1 heroku-router', 'X-Powered-By': 'Express'} 
 body={"bookingid":3007,"booking":{"firstname":"Jim","lastname":"Brown","totalprice":111,"depositpaid":true,"bookingdates":{"checkin":"2018-01-01","checkout":"2019-01-01"},"additionalneeds":"Breakfast"}} 
 </msg>
<msg time="2025-05-23T06:15:59.987601" level="INFO">C:\Users\breme\AppData\Roaming\Python\Python313\site-packages\urllib3\connectionpool.py:1097: InsecureRequestWarning: Unverified HTTPS request is being made to host 'restful-booker.herokuapp.com'. Adding certificate verification is strongly advised. See: https://urllib3.readthedocs.io/en/latest/advanced-usage.html#tls-warnings
  warnings.warn(</msg>
<msg time="2025-05-23T06:15:59.987957" level="INFO">${RESPONSE} = &lt;Response [200]&gt;</msg>
<var>${RESPONSE}</var>
<arg>alias=Booker</arg>
<arg>url=/booking</arg>
<arg>json=${BODY}</arg>
<doc>Sends a POST request on a previously created HTTP Session.</doc>
<status status="PASS" start="2025-05-23T06:15:59.131646" elapsed="0.856356"/>
</kw>
<kw name="Log" owner="BuiltIn">
<msg time="2025-05-23T06:15:59.988855" level="INFO">Status Code: 200</msg>
<arg>Status Code: ${RESPONSE.status_code}</arg>
<doc>Logs the given message with the given level.</doc>
<status status="PASS" start="2025-05-23T06:15:59.988196" elapsed="0.000719"/>
</kw>
<kw name="Log" owner="BuiltIn">
<msg time="2025-05-23T06:15:59.989703" level="INFO">Response: {'bookingid': 3007, 'booking': {'firstname': 'Jim', 'lastname': 'Brown', 'totalprice': 111, 'depositpaid': True, 'bookingdates': {'checkin': '2018-01-01', 'checkout': '2019-01-01'}, 'additionalneeds': 'Breakfast'}}</msg>
<arg>Response: ${RESPONSE.json()}</arg>
<doc>Logs the given message with the given level.</doc>
<status status="PASS" start="2025-05-23T06:15:59.989071" elapsed="0.000687"/>
</kw>
<kw name="Should Be Equal As Numbers" owner="BuiltIn">
<msg time="2025-05-23T06:15:59.990347" level="INFO">Argument types are:
&lt;class 'int'&gt;
&lt;class 'str'&gt;</msg>
<arg>${RESPONSE.status_code}</arg>
<arg>200</arg>
<doc>Fails if objects are unequal after converting them to real numbers.</doc>
<status status="PASS" start="2025-05-23T06:15:59.989878" elapsed="0.000571"/>
</kw>
<kw name="Dictionary Should Contain Key" owner="Collections">
<arg>${RESPONSE.json()}</arg>
<arg>bookingid</arg>
<doc>Fails if ``key`` is not found from ``dictionary``.</doc>
<status status="PASS" start="2025-05-23T06:15:59.990572" elapsed="0.000563"/>
</kw>
<arg>Jim</arg>
<arg>Brown</arg>
<arg>111</arg>
<arg>True</arg>
<arg>2018-01-01</arg>
<arg>2019-01-01</arg>
<arg>Breakfast</arg>
<status status="PASS" start="2025-05-23T06:15:59.130588" elapsed="0.860645"/>
</kw>
<status status="PASS" start="2025-05-23T06:15:59.128447" elapsed="0.863127"/>
</test>
<status status="PASS" start="2025-05-23T06:15:58.701701" elapsed="1.290769"/>
</suite>
<statistics>
<total>
<stat pass="1" fail="0" skip="0">All Tests</stat>
</total>
<tag>
</tag>
<suite>
<stat name="Post Reserva" id="s1" pass="1" fail="0" skip="0">Post Reserva</stat>
</suite>
</statistics>
<errors>
</errors>
</robot>
