<?xml version="1.0" encoding="UTF-8"?>
<robot generator="Robot 7.2.2 (Python 3.13.3 on win32)" generated="2025-06-04T18:40:58.575139" rpa="false" schemaversion="5">
<suite id="s1" name="Base01" source="C:\Users\breme\OneDrive\Área de Trabalho\Compass uol\Compass-uol\Sprints\Sprint06\Challenge03\API_Serverest_Tests\Tests\base01.robot">
<test id="s1-t1" name="Cenário 01: Criar um usuário válido" line="11">
<kw name="Criar uma sessão no Serverest 01" owner="fluxo01">
<kw name="Create Session" owner="RequestsLibrary">
<msg time="2025-06-04T18:40:59.040810" level="INFO">Creating Session using : alias=Serverest, url=https://compassuol.serverest.dev, headers={'Content-Type': 'application/json'},                     cookies={}, auth=None, timeout=None, proxies=None, verify=False,                     debug=0 </msg>
<arg>Serverest</arg>
<arg>${URL_Serverest}</arg>
<arg>headers=${HEADERS}</arg>
<doc>Create Session: create a HTTP session to a server</doc>
<status status="PASS" start="2025-06-04T18:40:59.040469" elapsed="0.000556"/>
</kw>
<status status="PASS" start="2025-06-04T18:40:59.039890" elapsed="0.001226"/>
</kw>
<kw name="Cadastrar um usuário com as informações necessárias" owner="fluxo01">
<kw name="Create Dictionary" owner="BuiltIn">
<msg time="2025-06-04T18:40:59.041908" level="INFO">${BODY} = {'nome': 'Fulano da Silva', 'email': 'mirianii@qa.com', 'password': 'teste123', 'administrador': 'true'}</msg>
<var>${BODY}</var>
<arg>nome=${NOME}</arg>
<arg>email=${EMAIL}</arg>
<arg>password=${PASSWORD}</arg>
<arg>administrador=${ADMINISTRADOR}</arg>
<doc>Creates and returns a dictionary based on the given ``items``.</doc>
<status status="PASS" start="2025-06-04T18:40:59.041617" elapsed="0.000315"/>
</kw>
<kw name="POST On Session" owner="RequestsLibrary">
<msg time="2025-06-04T18:40:59.551692" level="INFO">POST Request : url=https://compassuol.serverest.dev/usuarios 
 path_url=/usuarios 
 headers={'User-Agent': 'python-requests/2.32.3', 'Accept-Encoding': 'gzip, deflate', 'Accept': '*/*', 'Connection': 'keep-alive', 'Content-Type': 'application/json', 'Content-Length': '104'} 
 body=b'{"nome": "Fulano da Silva", "email": "mirianii@qa.com", "password": "teste123", "administrador": "true"}' 
 </msg>
<msg time="2025-06-04T18:40:59.551876" level="INFO">POST Response : url=https://compassuol.serverest.dev/usuarios 
 status=400, reason=Bad Request 
 headers={'access-control-allow-origin': '*', 'x-dns-prefetch-control': 'off', 'x-frame-options': 'SAMEORIGIN', 'strict-transport-security': 'max-age=15552000; includeSubDomains', 'x-download-options': 'noopen', 'x-content-type-options': 'nosniff', 'x-xss-protection': '1; mode=block', 'content-type': 'application/json; charset=utf-8', 'x-cloud-trace-context': 'a074622f7bac6ce348cf1e3f24d6b4b0;o=1', 'date': 'Wed, 04 Jun 2025 21:40:59 GMT', 'server': 'Google Frontend', 'Content-Length': '53'} 
 body={
    "message": "Este email já está sendo usado"
} 
 </msg>
<msg time="2025-06-04T18:40:59.551994" level="INFO">C:\Users\breme\AppData\Roaming\Python\Python313\site-packages\urllib3\connectionpool.py:1097: InsecureRequestWarning: Unverified HTTPS request is being made to host 'compassuol.serverest.dev'. Adding certificate verification is strongly advised. See: https://urllib3.readthedocs.io/en/latest/advanced-usage.html#tls-warnings
  warnings.warn(</msg>
<msg time="2025-06-04T18:40:59.552378" level="FAIL">HTTPError: 400 Client Error: Bad Request for url: https://compassuol.serverest.dev/usuarios</msg>
<var>${RESPONSE}</var>
<arg>Serverest</arg>
<arg>/usuarios</arg>
<arg>json=${BODY}</arg>
<doc>Sends a POST request on a previously created HTTP Session.</doc>
<status status="FAIL" start="2025-06-04T18:40:59.042026" elapsed="0.515567">HTTPError: 400 Client Error: Bad Request for url: https://compassuol.serverest.dev/usuarios</status>
</kw>
<kw name="Set Test Variable" owner="BuiltIn">
<arg>${RESPONSE}</arg>
<arg>${response}</arg>
<doc>Makes a variable available everywhere within the scope of the current test.</doc>
<status status="NOT RUN" start="2025-06-04T18:40:59.557822" elapsed="0.000028"/>
</kw>
<status status="FAIL" start="2025-06-04T18:40:59.041387" elapsed="0.516598">HTTPError: 400 Client Error: Bad Request for url: https://compassuol.serverest.dev/usuarios</status>
</kw>
<kw name="Validar a resposta 01" owner="fluxo01">
<status status="NOT RUN" start="2025-06-04T18:40:59.558309" elapsed="0.000028"/>
</kw>
<kw name="Armazenar o ID do novo usuário" owner="fluxo01">
<status status="NOT RUN" start="2025-06-04T18:40:59.558520" elapsed="0.000023"/>
</kw>
<status status="FAIL" start="2025-06-04T18:40:59.020238" elapsed="0.538500">HTTPError: 400 Client Error: Bad Request for url: https://compassuol.serverest.dev/usuarios</status>
</test>
<test id="s1-t2" name="Cenário 02: Tentar criar um usuário com os dados do usuário do C01" line="17">
<kw name="Criar uma sessão no Serverest 02" owner="fluxo01">
<kw name="Create Session" owner="RequestsLibrary">
<msg time="2025-06-04T18:40:59.560306" level="INFO">Creating Session using : alias=Serverest, url=https://compassuol.serverest.dev, headers={'Content-Type': 'application/json'},                     cookies={}, auth=None, timeout=None, proxies=None, verify=False,                     debug=0 </msg>
<arg>Serverest</arg>
<arg>${URL_Serverest}</arg>
<arg>headers=${HEADERS}</arg>
<doc>Create Session: create a HTTP session to a server</doc>
<status status="PASS" start="2025-06-04T18:40:59.560037" elapsed="0.000477"/>
</kw>
<status status="PASS" start="2025-06-04T18:40:59.559713" elapsed="0.000885"/>
</kw>
<kw name="Cadastrar um usuário com as mesmas informações do usuário anterior" owner="fluxo01">
<kw name="Create Dictionary" owner="BuiltIn">
<msg time="2025-06-04T18:40:59.563052" level="INFO">${BODY} = {'nome': 'Fulano da Silva', 'email': 'mirianii@qa.com', 'password': 'teste123', 'administrador': 'true'}</msg>
<var>${BODY}</var>
<arg>nome=${NOME}</arg>
<arg>email=${EMAIL}</arg>
<arg>password=${PASSWORD}</arg>
<arg>administrador=${ADMINISTRADOR}</arg>
<doc>Creates and returns a dictionary based on the given ``items``.</doc>
<status status="PASS" start="2025-06-04T18:40:59.562801" elapsed="0.000280"/>
</kw>
<kw name="POST On Session" owner="RequestsLibrary">
<msg time="2025-06-04T18:40:59.962636" level="INFO">POST Request : url=https://compassuol.serverest.dev/usuarios 
 path_url=/usuarios 
 headers={'User-Agent': 'python-requests/2.32.3', 'Accept-Encoding': 'gzip, deflate', 'Accept': '*/*', 'Connection': 'keep-alive', 'Content-Type': 'application/json', 'Content-Length': '104'} 
 body=b'{"nome": "Fulano da Silva", "email": "mirianii@qa.com", "password": "teste123", "administrador": "true"}' 
 </msg>
<msg time="2025-06-04T18:40:59.962773" level="INFO">POST Response : url=https://compassuol.serverest.dev/usuarios 
 status=400, reason=Bad Request 
 headers={'access-control-allow-origin': '*', 'x-dns-prefetch-control': 'off', 'x-frame-options': 'SAMEORIGIN', 'strict-transport-security': 'max-age=15552000; includeSubDomains', 'x-download-options': 'noopen', 'x-content-type-options': 'nosniff', 'x-xss-protection': '1; mode=block', 'content-type': 'application/json; charset=utf-8', 'x-cloud-trace-context': '203a9fe44363b5873acec4d26cbaf720', 'date': 'Wed, 04 Jun 2025 21:40:59 GMT', 'server': 'Google Frontend', 'Content-Length': '53'} 
 body={
    "message": "Este email já está sendo usado"
} 
 </msg>
<msg time="2025-06-04T18:40:59.962878" level="INFO">C:\Users\breme\AppData\Roaming\Python\Python313\site-packages\urllib3\connectionpool.py:1097: InsecureRequestWarning: Unverified HTTPS request is being made to host 'compassuol.serverest.dev'. Adding certificate verification is strongly advised. See: https://urllib3.readthedocs.io/en/latest/advanced-usage.html#tls-warnings
  warnings.warn(</msg>
<msg time="2025-06-04T18:40:59.964221" level="INFO">${responses} = &lt;Response [400]&gt;</msg>
<var>${responses}</var>
<arg>Serverest</arg>
<arg>/usuarios</arg>
<arg>json=${BODY}</arg>
<arg>expected_status=anything</arg>
<doc>Sends a POST request on a previously created HTTP Session.</doc>
<status status="PASS" start="2025-06-04T18:40:59.563178" elapsed="0.401099"/>
</kw>
<kw name="Set Global Variable" owner="BuiltIn">
<msg time="2025-06-04T18:40:59.965161" level="INFO">${responses} = &lt;Response [400]&gt;</msg>
<arg>${responses}</arg>
<doc>Makes a variable available globally in all tests and suites.</doc>
<status status="PASS" start="2025-06-04T18:40:59.964839" elapsed="0.000470"/>
</kw>
<status status="PASS" start="2025-06-04T18:40:59.562569" elapsed="0.402834"/>
</kw>
<kw name="Validar resposta 02" owner="fluxo01">
<kw name="Should Be Equal As Integers" owner="BuiltIn">
<msg time="2025-06-04T18:40:59.966734" level="INFO">Argument types are:
&lt;class 'int'&gt;
&lt;class 'str'&gt;</msg>
<arg>${responses.status_code}</arg>
<arg>400</arg>
<doc>Fails if objects are unequal after converting them to integers.</doc>
<status status="PASS" start="2025-06-04T18:40:59.966123" elapsed="0.000697"/>
</kw>
<kw name="Get From Dictionary" owner="Collections">
<msg time="2025-06-04T18:40:59.967596" level="INFO">${mensagem} = Este email já está sendo usado</msg>
<var>${mensagem}</var>
<arg>${responses.json()}</arg>
<arg>message</arg>
<doc>Returns a value from the given ``dictionary`` based on the given ``key``.</doc>
<status status="PASS" start="2025-06-04T18:40:59.966983" elapsed="0.000650"/>
</kw>
<kw name="Should Contain" owner="BuiltIn">
<arg>${mensagem}</arg>
<arg>Este email já está sendo usado</arg>
<doc>Fails if ``container`` does not contain ``item`` one or more times.</doc>
<status status="PASS" start="2025-06-04T18:40:59.967788" elapsed="0.000189"/>
</kw>
<status status="PASS" start="2025-06-04T18:40:59.965781" elapsed="0.002275"/>
</kw>
<status status="PASS" start="2025-06-04T18:40:59.559169" elapsed="0.409252"/>
</test>
<test id="s1-t3" name="Cenário 03: Tentar criar um usuário com senha inválida" line="22">
<kw name="Criar uma sessão no Serverest 03" owner="fluxo01">
<kw name="Create Session" owner="RequestsLibrary">
<msg time="2025-06-04T18:41:00.002910" level="INFO">Creating Session using : alias=Serverest, url=https://compassuol.serverest.dev, headers={'Content-Type': 'application/json'},                     cookies={}, auth=None, timeout=None, proxies=None, verify=False,                     debug=0 </msg>
<arg>Serverest</arg>
<arg>${URL_Serverest}</arg>
<arg>headers=${HEADERS}</arg>
<doc>Create Session: create a HTTP session to a server</doc>
<status status="PASS" start="2025-06-04T18:41:00.002632" elapsed="0.000477"/>
</kw>
<status status="PASS" start="2025-06-04T18:41:00.002267" elapsed="0.000952"/>
</kw>
<kw name="Cadastrar um usuário com uma senha de 4 caracteres" owner="fluxo01">
<kw name="Create Dictionary" owner="BuiltIn">
<msg time="2025-06-04T18:41:00.004001" level="INFO">${BODY} = {'nome': ' Brendaa', 'email': ' meiraa@qa.com.br', 'password': ' 1234', 'administrador': ' true'}</msg>
<var>${BODY}</var>
<arg>nome= Brendaa</arg>
<arg>email= meiraa@qa.com.br</arg>
<arg>password= 1234</arg>
<arg>administrador= true</arg>
<doc>Creates and returns a dictionary based on the given ``items``.</doc>
<status status="PASS" start="2025-06-04T18:41:00.003789" elapsed="0.000241"/>
</kw>
<kw name="POST On Session" owner="RequestsLibrary">
<msg time="2025-06-04T18:41:00.416665" level="INFO">POST Request : url=https://compassuol.serverest.dev/usuarios 
 path_url=/usuarios 
 headers={'User-Agent': 'python-requests/2.32.3', 'Accept-Encoding': 'gzip, deflate', 'Accept': '*/*', 'Connection': 'keep-alive', 'Content-Type': 'application/json', 'Content-Length': '97'} 
 body=b'{"nome": " Brendaa", "email": " meiraa@qa.com.br", "password": " 1234", "administrador": " true"}' 
 </msg>
<msg time="2025-06-04T18:41:00.416798" level="INFO">POST Response : url=https://compassuol.serverest.dev/usuarios 
 status=400, reason=Bad Request 
 headers={'access-control-allow-origin': '*', 'x-dns-prefetch-control': 'off', 'x-frame-options': 'SAMEORIGIN', 'strict-transport-security': 'max-age=15552000; includeSubDomains', 'x-download-options': 'noopen', 'x-content-type-options': 'nosniff', 'x-xss-protection': '1; mode=block', 'content-type': 'application/json; charset=utf-8', 'x-cloud-trace-context': '34d9395a200d96f76e24e58177540c4f', 'date': 'Wed, 04 Jun 2025 21:41:00 GMT', 'server': 'Google Frontend', 'Content-Length': '115'} 
 body={
    "email": "email deve ser um email válido",
    "administrador": "administrador deve ser 'true' ou 'false'"
} 
 </msg>
<msg time="2025-06-04T18:41:00.416909" level="INFO">C:\Users\breme\AppData\Roaming\Python\Python313\site-packages\urllib3\connectionpool.py:1097: InsecureRequestWarning: Unverified HTTPS request is being made to host 'compassuol.serverest.dev'. Adding certificate verification is strongly advised. See: https://urllib3.readthedocs.io/en/latest/advanced-usage.html#tls-warnings
  warnings.warn(</msg>
<msg time="2025-06-04T18:41:00.418265" level="FAIL">HTTPError: 400 Client Error: Bad Request for url: https://compassuol.serverest.dev/usuarios</msg>
<var>${esponse}</var>
<arg>Serverest</arg>
<arg>/usuarios</arg>
<arg>json=${BODY}</arg>
<doc>Sends a POST request on a previously created HTTP Session.</doc>
<status status="FAIL" start="2025-06-04T18:41:00.004197" elapsed="0.415227">HTTPError: 400 Client Error: Bad Request for url: https://compassuol.serverest.dev/usuarios</status>
</kw>
<kw name="Set Test Variable" owner="BuiltIn">
<arg>${response}</arg>
<doc>Makes a variable available everywhere within the scope of the current test.</doc>
<status status="NOT RUN" start="2025-06-04T18:41:00.419693" elapsed="0.000046"/>
</kw>
<status status="FAIL" start="2025-06-04T18:41:00.003526" elapsed="0.416361">HTTPError: 400 Client Error: Bad Request for url: https://compassuol.serverest.dev/usuarios</status>
</kw>
<kw name="Validar resposta 03" owner="fluxo01">
<status status="NOT RUN" start="2025-06-04T18:41:00.420231" elapsed="0.000037"/>
</kw>
<kw name="Cadastrar um usuário com uma senha de 11 caracteres" owner="fluxo01">
<status status="NOT RUN" start="2025-06-04T18:41:00.420494" elapsed="0.000031"/>
</kw>
<kw name="Validar resposta 04" owner="fluxo01">
<status status="NOT RUN" start="2025-06-04T18:41:00.420706" elapsed="0.000026"/>
</kw>
<status status="FAIL" start="2025-06-04T18:41:00.001653" elapsed="0.419318">HTTPError: 400 Client Error: Bad Request for url: https://compassuol.serverest.dev/usuarios</status>
</test>
<test id="s1-t4" name="Cenário 04: Deletar usuário com ID inexistente" line="29">
<kw name="Criar uma sessão no Serverest 04" owner="fluxo01">
<kw name="Create Session" owner="RequestsLibrary">
<msg time="2025-06-04T18:41:00.456653" level="INFO">Creating Session using : alias=Serverest, url=https://compassuol.serverest.dev, headers={'Content-Type': 'application/json'},                     cookies={}, auth=None, timeout=None, proxies=None, verify=False,                     debug=0 </msg>
<arg>Serverest</arg>
<arg>${URL_Serverest}</arg>
<arg>headers=${HEADERS}</arg>
<doc>Create Session: create a HTTP session to a server</doc>
<status status="PASS" start="2025-06-04T18:41:00.456419" elapsed="0.000407"/>
</kw>
<status status="PASS" start="2025-06-04T18:41:00.456113" elapsed="0.000790"/>
</kw>
<kw name="Enviar um ID inexistente de um suposto usuário para Deletar" owner="fluxo01">
<kw name="Set Variable" owner="BuiltIn">
<msg time="2025-06-04T18:41:00.457609" level="INFO">${ID_inexistente} = 000000000000</msg>
<var>${ID_inexistente}</var>
<arg>000000000000</arg>
<doc>Returns the given values which can then be assigned to a variables.</doc>
<status status="PASS" start="2025-06-04T18:41:00.457480" elapsed="0.000156"/>
</kw>
<kw name="DELETE On Session" owner="RequestsLibrary">
<msg time="2025-06-04T18:41:01.497460" level="INFO">DELETE Request : url=https://compassuol.serverest.dev/usuarios/000000000000 
 path_url=/usuarios/000000000000 
 headers={'User-Agent': 'python-requests/2.32.3', 'Accept-Encoding': 'gzip, deflate', 'Accept': '*/*', 'Connection': 'keep-alive', 'Content-Type': 'application/json', 'Content-Length': '0'} 
 body=None 
 </msg>
<msg time="2025-06-04T18:41:01.497607" level="INFO">DELETE Response : url=https://compassuol.serverest.dev/usuarios/000000000000 
 status=200, reason=OK 
 headers={'access-control-allow-origin': '*', 'x-dns-prefetch-control': 'off', 'x-frame-options': 'SAMEORIGIN', 'strict-transport-security': 'max-age=15552000; includeSubDomains', 'x-download-options': 'noopen', 'x-content-type-options': 'nosniff', 'x-xss-protection': '1; mode=block', 'content-type': 'application/json; charset=utf-8', 'x-cloud-trace-context': '61d013e0a9060d852dcad3d443ab118e', 'date': 'Wed, 04 Jun 2025 21:41:01 GMT', 'server': 'Google Frontend', 'Content-Length': '46'} 
 body={
    "message": "Nenhum registro excluído"
} 
 </msg>
<msg time="2025-06-04T18:41:01.497939" level="INFO">C:\Users\breme\AppData\Roaming\Python\Python313\site-packages\urllib3\connectionpool.py:1097: InsecureRequestWarning: Unverified HTTPS request is being made to host 'compassuol.serverest.dev'. Adding certificate verification is strongly advised. See: https://urllib3.readthedocs.io/en/latest/advanced-usage.html#tls-warnings
  warnings.warn(</msg>
<msg time="2025-06-04T18:41:01.500003" level="INFO">${SEND} = &lt;Response [200]&gt;</msg>
<var>${SEND}</var>
<arg>Serverest</arg>
<arg>/usuarios/${ID_inexistente}</arg>
<arg>expected_status=anything</arg>
<doc>Sends a DELETE request on a previously created HTTP Session.</doc>
<status status="PASS" start="2025-06-04T18:41:00.457737" elapsed="1.042328"/>
</kw>
<kw name="Set Test Variable" owner="BuiltIn">
<msg time="2025-06-04T18:41:01.500608" level="INFO">${SEND} = &lt;Response [200]&gt;</msg>
<arg>${SEND}</arg>
<doc>Makes a variable available everywhere within the scope of the current test.</doc>
<status status="PASS" start="2025-06-04T18:41:01.500331" elapsed="0.000334"/>
</kw>
<status status="PASS" start="2025-06-04T18:41:00.457205" elapsed="1.043549"/>
</kw>
<kw name="Validar resposta 05" owner="fluxo01">
<kw name="Should Be Equal As Integers" owner="BuiltIn">
<msg time="2025-06-04T18:41:01.501974" level="INFO">Argument types are:
&lt;class 'int'&gt;
&lt;class 'str'&gt;</msg>
<arg>${SEND.status_code}</arg>
<arg>200</arg>
<doc>Fails if objects are unequal after converting them to integers.</doc>
<status status="PASS" start="2025-06-04T18:41:01.501391" elapsed="0.000668"/>
</kw>
<status status="PASS" start="2025-06-04T18:41:01.501051" elapsed="0.001089"/>
</kw>
<status status="PASS" start="2025-06-04T18:41:00.455556" elapsed="1.046801"/>
</test>
<test id="s1-t5" name="Cenário 05: Login com email e senha corretos, obter o token" line="35">
<kw name="Criar uma sessão no Serverest 05" owner="fluxo02">
<kw name="Create Session" owner="RequestsLibrary">
<msg time="2025-06-04T18:41:01.504769" level="INFO">Creating Session using : alias=Serverest, url=https://compassuol.serverest.dev, headers={'Content-Type': 'application/json'},                     cookies={}, auth=None, timeout=None, proxies=None, verify=False,                     debug=0 </msg>
<arg>Serverest</arg>
<arg>${URL_Serverest}</arg>
<arg>headers=${HEADERS}</arg>
<doc>Create Session: create a HTTP session to a server</doc>
<status status="PASS" start="2025-06-04T18:41:01.504486" elapsed="0.000480"/>
</kw>
<status status="PASS" start="2025-06-04T18:41:01.504164" elapsed="0.000890"/>
</kw>
<kw name="Fazer login com os dados do usuário criado no C01" owner="fluxo02">
<kw name="Create Dictionary" owner="BuiltIn">
<msg time="2025-06-04T18:41:01.505882" level="INFO">${BODY} = {'email': 'mirianii@qa.com', 'password': 'teste123'}</msg>
<var>${BODY}</var>
<arg>email=${EMAIL}</arg>
<arg>password=${PASSWORD}</arg>
<doc>Creates and returns a dictionary based on the given ``items``.</doc>
<status status="PASS" start="2025-06-04T18:41:01.505598" elapsed="0.000320"/>
</kw>
<kw name="POST On Session" owner="RequestsLibrary">
<msg time="2025-06-04T18:41:02.110841" level="INFO">POST Request : url=https://compassuol.serverest.dev/login 
 path_url=/login 
 headers={'User-Agent': 'python-requests/2.32.3', 'Accept-Encoding': 'gzip, deflate', 'Accept': '*/*', 'Connection': 'keep-alive', 'Content-Type': 'application/json', 'Content-Length': '52'} 
 body=b'{"email": "mirianii@qa.com", "password": "teste123"}' 
 </msg>
<msg time="2025-06-04T18:41:02.110995" level="INFO">POST Response : url=https://compassuol.serverest.dev/login 
 status=200, reason=OK 
 headers={'access-control-allow-origin': '*', 'x-dns-prefetch-control': 'off', 'x-frame-options': 'SAMEORIGIN', 'strict-transport-security': 'max-age=15552000; includeSubDomains', 'x-download-options': 'noopen', 'x-content-type-options': 'nosniff', 'x-xss-protection': '1; mode=block', 'content-type': 'application/json; charset=utf-8', 'x-cloud-trace-context': '0b4618597e17d311fc597f49283097b4', 'date': 'Wed, 04 Jun 2025 21:41:01 GMT', 'server': 'Google Frontend', 'Content-Length': '272'} 
 body={
    "message": "Login realizado com sucesso",
    "authorization": "Bearer eyJhbGciOiJIUzI1NiIsInR5cCI6IkpXVCJ9.eyJlbWFpbCI6Im1pcmlhbmlpQHFhLmNvbSIsInBhc3N3b3JkIjoidGVzdGUxMjMiLCJpYXQiOjE3NDkwNzMyNjEsImV4cCI6MTc0OTA3Mzg2MX0.YeCmhL6lypPZyIPQ4QxOAeDkfEudY79obWH2A8lHLEY"
} 
 </msg>
<msg time="2025-06-04T18:41:02.111106" level="INFO">C:\Users\breme\AppData\Roaming\Python\Python313\site-packages\urllib3\connectionpool.py:1097: InsecureRequestWarning: Unverified HTTPS request is being made to host 'compassuol.serverest.dev'. Adding certificate verification is strongly advised. See: https://urllib3.readthedocs.io/en/latest/advanced-usage.html#tls-warnings
  warnings.warn(</msg>
<msg time="2025-06-04T18:41:02.112244" level="INFO">${LOGIN} = &lt;Response [200]&gt;</msg>
<var>${LOGIN}</var>
<arg>Serverest</arg>
<arg>/login</arg>
<arg>json=${BODY}</arg>
<doc>Sends a POST request on a previously created HTTP Session.</doc>
<status status="PASS" start="2025-06-04T18:41:01.506046" elapsed="0.606270"/>
</kw>
<kw name="Set Test Variable" owner="BuiltIn">
<msg time="2025-06-04T18:41:02.112906" level="INFO">${LOGIN} = &lt;Response [200]&gt;</msg>
<arg>${LOGIN}</arg>
<doc>Makes a variable available everywhere within the scope of the current test.</doc>
<status status="PASS" start="2025-06-04T18:41:02.112627" elapsed="0.000341"/>
</kw>
<status status="PASS" start="2025-06-04T18:41:01.505333" elapsed="0.607728"/>
</kw>
<kw name="Validar resposta 06" owner="fluxo02">
<kw name="Should Be Equal As Integers" owner="BuiltIn">
<msg time="2025-06-04T18:41:02.114315" level="INFO">Argument types are:
&lt;class 'int'&gt;
&lt;class 'str'&gt;</msg>
<arg>${LOGIN.status_code}</arg>
<arg>200</arg>
<doc>Fails if objects are unequal after converting them to integers.</doc>
<status status="PASS" start="2025-06-04T18:41:02.113724" elapsed="0.000671"/>
</kw>
<status status="PASS" start="2025-06-04T18:41:02.113414" elapsed="0.001066"/>
</kw>
<kw name="Armazenar o token em uma variável global" owner="fluxo02">
<kw name="Get From Dictionary" owner="Collections">
<msg time="2025-06-04T18:41:02.115802" level="INFO">${TOKEN} = Bearer eyJhbGciOiJIUzI1NiIsInR5cCI6IkpXVCJ9.eyJlbWFpbCI6Im1pcmlhbmlpQHFhLmNvbSIsInBhc3N3b3JkIjoidGVzdGUxMjMiLCJpYXQiOjE3NDkwNzMyNjEsImV4cCI6MTc0OTA3Mzg2MX0.YeCmhL6lypPZyIPQ4QxOAeDkfEudY79obWH2A8lHLEY</msg>
<var>${TOKEN}</var>
<arg>${LOGIN.json()}</arg>
<arg>authorization</arg>
<doc>Returns a value from the given ``dictionary`` based on the given ``key``.</doc>
<status status="PASS" start="2025-06-04T18:41:02.115187" elapsed="0.000653"/>
</kw>
<kw name="Set Global Variable" owner="BuiltIn">
<msg time="2025-06-04T18:41:02.116169" level="INFO">${TOKEN} = Bearer eyJhbGciOiJIUzI1NiIsInR5cCI6IkpXVCJ9.eyJlbWFpbCI6Im1pcmlhbmlpQHFhLmNvbSIsInBhc3N3b3JkIjoidGVzdGUxMjMiLCJpYXQiOjE3NDkwNzMyNjEsImV4cCI6MTc0OTA3Mzg2MX0.YeCmhL6lypPZyIPQ4QxOAeDkfEudY79obWH2A8lHLEY</msg>
<arg>${TOKEN}</arg>
<doc>Makes a variable available globally in all tests and suites.</doc>
<status status="PASS" start="2025-06-04T18:41:02.115988" elapsed="0.000226"/>
</kw>
<kw name="Log To Console" owner="BuiltIn">
<arg>${TOKEN}</arg>
<doc>Logs the given message to the console.</doc>
<status status="PASS" start="2025-06-04T18:41:02.116325" elapsed="0.000407"/>
</kw>
<status status="PASS" start="2025-06-04T18:41:02.114854" elapsed="0.002027"/>
</kw>
<status status="PASS" start="2025-06-04T18:41:01.503610" elapsed="0.613625"/>
</test>
<test id="s1-t6" name="Cenário 06: Login com email inexistente" line="41">
<kw name="Criar uma sessão no Serverest 06" owner="fluxo02">
<kw name="Create Session" owner="RequestsLibrary">
<msg time="2025-06-04T18:41:02.123596" level="INFO">Creating Session using : alias=Serverest, url=https://compassuol.serverest.dev, headers={'Content-Type': 'application/json'},                     cookies={}, auth=None, timeout=None, proxies=None, verify=False,                     debug=0 </msg>
<arg>Serverest</arg>
<arg>${URL_Serverest}</arg>
<arg>headers=${HEADERS}</arg>
<doc>Create Session: create a HTTP session to a server</doc>
<status status="PASS" start="2025-06-04T18:41:02.122964" elapsed="0.000824"/>
</kw>
<status status="PASS" start="2025-06-04T18:41:02.122465" elapsed="0.001420"/>
</kw>
<kw name="Tentar fazer login com um email qualquer" owner="fluxo02">
<kw name="Create Dictionary" owner="BuiltIn">
<msg time="2025-06-04T18:41:02.124677" level="INFO">${BODY} = {'email': ' bre10@qa.com', 'password': ' 123456'}</msg>
<var>${BODY}</var>
<arg>email= bre10@qa.com</arg>
<arg>password= 123456</arg>
<doc>Creates and returns a dictionary based on the given ``items``.</doc>
<status status="PASS" start="2025-06-04T18:41:02.124478" elapsed="0.000232"/>
</kw>
<kw name="POST On Session" owner="RequestsLibrary">
<msg time="2025-06-04T18:41:02.725930" level="INFO">POST Request : url=https://compassuol.serverest.dev/login 
 path_url=/login 
 headers={'User-Agent': 'python-requests/2.32.3', 'Accept-Encoding': 'gzip, deflate', 'Accept': '*/*', 'Connection': 'keep-alive', 'Content-Type': 'application/json', 'Content-Length': '49'} 
 body=b'{"email": " bre10@qa.com", "password": " 123456"}' 
 </msg>
<msg time="2025-06-04T18:41:02.726051" level="INFO">POST Response : url=https://compassuol.serverest.dev/login 
 status=400, reason=Bad Request 
 headers={'access-control-allow-origin': '*', 'x-dns-prefetch-control': 'off', 'x-frame-options': 'SAMEORIGIN', 'strict-transport-security': 'max-age=15552000; includeSubDomains', 'x-download-options': 'noopen', 'x-content-type-options': 'nosniff', 'x-xss-protection': '1; mode=block', 'content-type': 'application/json; charset=utf-8', 'x-cloud-trace-context': '499f6b3a7cb65f8775661f27d3e78212', 'date': 'Wed, 04 Jun 2025 21:41:02 GMT', 'server': 'Google Frontend', 'Content-Length': '50'} 
 body={
    "email": "email deve ser um email válido"
} 
 </msg>
<msg time="2025-06-04T18:41:02.726135" level="INFO">C:\Users\breme\AppData\Roaming\Python\Python313\site-packages\urllib3\connectionpool.py:1097: InsecureRequestWarning: Unverified HTTPS request is being made to host 'compassuol.serverest.dev'. Adding certificate verification is strongly advised. See: https://urllib3.readthedocs.io/en/latest/advanced-usage.html#tls-warnings
  warnings.warn(</msg>
<msg time="2025-06-04T18:41:02.726567" level="INFO">${LOGIN} = &lt;Response [400]&gt;</msg>
<var>${LOGIN}</var>
<arg>Serverest</arg>
<arg>/login</arg>
<arg>json=${BODY}</arg>
<arg>expected_status=anything</arg>
<doc>Sends a POST request on a previously created HTTP Session.</doc>
<status status="PASS" start="2025-06-04T18:41:02.124830" elapsed="0.601800"/>
</kw>
<kw name="Set Test Variable" owner="BuiltIn">
<msg time="2025-06-04T18:41:02.727276" level="INFO">${LOGIN} = &lt;Response [400]&gt;</msg>
<arg>${LOGIN}</arg>
<doc>Makes a variable available everywhere within the scope of the current test.</doc>
<status status="PASS" start="2025-06-04T18:41:02.726958" elapsed="0.000399"/>
</kw>
<status status="PASS" start="2025-06-04T18:41:02.124205" elapsed="0.603266"/>
</kw>
<kw name="Validar resposta 07" owner="fluxo02">
<kw name="Should Be Equal As Integers" owner="BuiltIn">
<msg time="2025-06-04T18:41:02.728916" level="INFO">Argument types are:
&lt;class 'int'&gt;
&lt;class 'str'&gt;</msg>
<arg>${LOGIN.status_code}</arg>
<arg>400</arg>
<doc>Fails if objects are unequal after converting them to integers.</doc>
<status status="PASS" start="2025-06-04T18:41:02.728329" elapsed="0.000666"/>
</kw>
<status status="PASS" start="2025-06-04T18:41:02.728006" elapsed="0.001069"/>
</kw>
<status status="PASS" start="2025-06-04T18:41:02.121294" elapsed="0.608049"/>
</test>
<test id="s1-t7" name="Cenário 07: Login com senha incorreta" line="46">
<kw name="Criar uma sessão no Serverest 07" owner="fluxo02">
<kw name="Create Session" owner="RequestsLibrary">
<msg time="2025-06-04T18:41:02.731048" level="INFO">Creating Session using : alias=Serverest, url=https://compassuol.serverest.dev, headers={'Content-Type': 'application/json'},                     cookies={}, auth=None, timeout=None, proxies=None, verify=False,                     debug=0 </msg>
<arg>Serverest</arg>
<arg>${URL_Serverest}</arg>
<arg>headers=${HEADERS}</arg>
<doc>Create Session: create a HTTP session to a server</doc>
<status status="PASS" start="2025-06-04T18:41:02.730810" elapsed="0.000401"/>
</kw>
<status status="PASS" start="2025-06-04T18:41:02.730521" elapsed="0.000766"/>
</kw>
<kw name="Tentar fazer login com uma senha qualquer" owner="fluxo02">
<kw name="Create Dictionary" owner="BuiltIn">
<msg time="2025-06-04T18:41:02.731955" level="INFO">${BODY} = {'email': ' bre10@qa.com', 'password': ' @'}</msg>
<var>${BODY}</var>
<arg>email= bre10@qa.com</arg>
<arg>password= @</arg>
<doc>Creates and returns a dictionary based on the given ``items``.</doc>
<status status="PASS" start="2025-06-04T18:41:02.731769" elapsed="0.000217"/>
</kw>
<kw name="POST On Session" owner="RequestsLibrary">
<msg time="2025-06-04T18:41:03.340517" level="INFO">POST Request : url=https://compassuol.serverest.dev/login 
 path_url=/login 
 headers={'User-Agent': 'python-requests/2.32.3', 'Accept-Encoding': 'gzip, deflate', 'Accept': '*/*', 'Connection': 'keep-alive', 'Content-Type': 'application/json', 'Content-Length': '44'} 
 body=b'{"email": " bre10@qa.com", "password": " @"}' 
 </msg>
<msg time="2025-06-04T18:41:03.340783" level="INFO">POST Response : url=https://compassuol.serverest.dev/login 
 status=400, reason=Bad Request 
 headers={'access-control-allow-origin': '*', 'x-dns-prefetch-control': 'off', 'x-frame-options': 'SAMEORIGIN', 'strict-transport-security': 'max-age=15552000; includeSubDomains', 'x-download-options': 'noopen', 'x-content-type-options': 'nosniff', 'x-xss-protection': '1; mode=block', 'content-type': 'application/json; charset=utf-8', 'x-cloud-trace-context': '780afc0ebf2f09446e76d95fe360313e', 'date': 'Wed, 04 Jun 2025 21:41:03 GMT', 'server': 'Google Frontend', 'Content-Length': '50'} 
 body={
    "email": "email deve ser um email válido"
} 
 </msg>
<msg time="2025-06-04T18:41:03.340984" level="INFO">C:\Users\breme\AppData\Roaming\Python\Python313\site-packages\urllib3\connectionpool.py:1097: InsecureRequestWarning: Unverified HTTPS request is being made to host 'compassuol.serverest.dev'. Adding certificate verification is strongly advised. See: https://urllib3.readthedocs.io/en/latest/advanced-usage.html#tls-warnings
  warnings.warn(</msg>
<msg time="2025-06-04T18:41:03.341849" level="INFO">${LOGIN} = &lt;Response [400]&gt;</msg>
<var>${LOGIN}</var>
<arg>Serverest</arg>
<arg>/login</arg>
<arg>json=${BODY}</arg>
<arg>expected_status=anything</arg>
<doc>Sends a POST request on a previously created HTTP Session.</doc>
<status status="PASS" start="2025-06-04T18:41:02.732101" elapsed="0.609835"/>
</kw>
<kw name="Set Test Variable" owner="BuiltIn">
<msg time="2025-06-04T18:41:03.342851" level="INFO">${LOGIN} = &lt;Response [400]&gt;</msg>
<arg>${LOGIN}</arg>
<doc>Makes a variable available everywhere within the scope of the current test.</doc>
<status status="PASS" start="2025-06-04T18:41:03.342378" elapsed="0.000593"/>
</kw>
<status status="PASS" start="2025-06-04T18:41:02.731541" elapsed="0.611600"/>
</kw>
<kw name="Validar resposta 08" owner="fluxo02">
<kw name="Should Be Equal As Integers" owner="BuiltIn">
<msg time="2025-06-04T18:41:03.345006" level="INFO">Argument types are:
&lt;class 'int'&gt;
&lt;class 'str'&gt;</msg>
<arg>${LOGIN.status_code}</arg>
<arg>400</arg>
<doc>Fails if objects are unequal after converting them to integers.</doc>
<status status="PASS" start="2025-06-04T18:41:03.344146" elapsed="0.001101"/>
</kw>
<status status="PASS" start="2025-06-04T18:41:03.343656" elapsed="0.001706"/>
</kw>
<status status="PASS" start="2025-06-04T18:41:02.729907" elapsed="0.615728"/>
</test>
<test id="s1-t8" name="Cenário 08: Cadastrar produto com nome único" line="52">
<kw name="Criar uma sessão no Serverest 08, com o token" owner="fluxo03">
<kw name="Create Dictionary" owner="BuiltIn">
<msg time="2025-06-04T18:41:03.347556" level="INFO">${HEADER} = {'Content-Type': 'application/json', 'Authorization': 'Bearer eyJhbGciOiJIUzI1NiIsInR5cCI6IkpXVCJ9.eyJlbWFpbCI6Im1pcmlhbmlpQHFhLmNvbSIsInBhc3N3b3JkIjoidGVzdGUxMjMiLCJpYXQiOjE3NDkwNzMyNjEsImV4cCI6MTc0O...</msg>
<var>${HEADER}</var>
<arg>Content-Type=application/json</arg>
<arg>Authorization=${TOKEN}</arg>
<doc>Creates and returns a dictionary based on the given ``items``.</doc>
<status status="PASS" start="2025-06-04T18:41:03.347265" elapsed="0.000329"/>
</kw>
<kw name="Create Session" owner="RequestsLibrary">
<msg time="2025-06-04T18:41:03.348010" level="INFO">Creating Session using : alias=Serverest, url=https://compassuol.serverest.dev, headers={'Content-Type': 'application/json', 'Authorization': 'Bearer eyJhbGciOiJIUzI1NiIsInR5cCI6IkpXVCJ9.eyJlbWFpbCI6Im1pcmlhbmlpQHFhLmNvbSIsInBhc3N3b3JkIjoidGVzdGUxMjMiLCJpYXQiOjE3NDkwNzMyNjEsImV4cCI6MTc0OTA3Mzg2MX0.YeCmhL6lypPZyIPQ4QxOAeDkfEudY79obWH2A8lHLEY'},                     cookies={}, auth=None, timeout=None, proxies=None, verify=False,                     debug=0 </msg>
<arg>Serverest</arg>
<arg>${URL_Serverest}</arg>
<arg>headers=${HEADER}</arg>
<doc>Create Session: create a HTTP session to a server</doc>
<status status="PASS" start="2025-06-04T18:41:03.347762" elapsed="0.000436"/>
</kw>
<status status="PASS" start="2025-06-04T18:41:03.346926" elapsed="0.001361"/>
</kw>
<kw name="Cadastrar as informações do novo produto" owner="fluxo03">
<kw name="Create Dictionary" owner="BuiltIn">
<msg time="2025-06-04T18:41:03.349108" level="INFO">${BODY} = {'nome': 'Mouse', 'preco': ' 470', 'descricao': ' Mouse', 'quantidade': ' 381'}</msg>
<var>${BODY}</var>
<arg>nome=${Nome_Produto}</arg>
<arg>preco= 470</arg>
<arg>descricao= Mouse</arg>
<arg>quantidade= 381</arg>
<doc>Creates and returns a dictionary based on the given ``items``.</doc>
<status status="PASS" start="2025-06-04T18:41:03.348854" elapsed="0.000289"/>
</kw>
<kw name="POST On Session" owner="RequestsLibrary">
<msg time="2025-06-04T18:41:03.836138" level="INFO">POST Request : url=https://compassuol.serverest.dev/produtos 
 path_url=/produtos 
 headers={'User-Agent': 'python-requests/2.32.3', 'Accept-Encoding': 'gzip, deflate', 'Accept': '*/*', 'Connection': 'keep-alive', 'Content-Type': 'application/json', 'Authorization': 'Bearer eyJhbGciOiJIUzI1NiIsInR5cCI6IkpXVCJ9.eyJlbWFpbCI6Im1pcmlhbmlpQHFhLmNvbSIsInBhc3N3b3JkIjoidGVzdGUxMjMiLCJpYXQiOjE3NDkwNzMyNjEsImV4cCI6MTc0OTA3Mzg2MX0.YeCmhL6lypPZyIPQ4QxOAeDkfEudY79obWH2A8lHLEY', 'Content-Length': '79'} 
 body=b'{"nome": "Mouse", "preco": " 470", "descricao": " Mouse", "quantidade": " 381"}' 
 </msg>
<msg time="2025-06-04T18:41:03.836245" level="INFO">POST Response : url=https://compassuol.serverest.dev/produtos 
 status=400, reason=Bad Request 
 headers={'access-control-allow-origin': '*', 'x-dns-prefetch-control': 'off', 'x-frame-options': 'SAMEORIGIN', 'strict-transport-security': 'max-age=15552000; includeSubDomains', 'x-download-options': 'noopen', 'x-content-type-options': 'nosniff', 'x-xss-protection': '1; mode=block', 'content-type': 'application/json; charset=utf-8', 'x-cloud-trace-context': 'dc5ca9c0d56696634af1b759a46910c2', 'date': 'Wed, 04 Jun 2025 21:41:03 GMT', 'server': 'Google Frontend', 'Content-Length': '53'} 
 body={
    "message": "Já existe produto com esse nome"
} 
 </msg>
<msg time="2025-06-04T18:41:03.836329" level="INFO">C:\Users\breme\AppData\Roaming\Python\Python313\site-packages\urllib3\connectionpool.py:1097: InsecureRequestWarning: Unverified HTTPS request is being made to host 'compassuol.serverest.dev'. Adding certificate verification is strongly advised. See: https://urllib3.readthedocs.io/en/latest/advanced-usage.html#tls-warnings
  warnings.warn(</msg>
<msg time="2025-06-04T18:41:03.838744" level="FAIL">HTTPError: 400 Client Error: Bad Request for url: https://compassuol.serverest.dev/produtos</msg>
<var>${CADASTRO}</var>
<arg>Serverest</arg>
<arg>/produtos</arg>
<arg>json=${BODY}</arg>
<doc>Sends a POST request on a previously created HTTP Session.</doc>
<status status="FAIL" start="2025-06-04T18:41:03.349271" elapsed="0.490278">HTTPError: 400 Client Error: Bad Request for url: https://compassuol.serverest.dev/produtos</status>
</kw>
<kw name="Set Test Variable" owner="BuiltIn">
<arg>${CADASTRO}</arg>
<doc>Makes a variable available everywhere within the scope of the current test.</doc>
<status status="NOT RUN" start="2025-06-04T18:41:03.839770" elapsed="0.000034"/>
</kw>
<status status="FAIL" start="2025-06-04T18:41:03.348575" elapsed="0.491341">HTTPError: 400 Client Error: Bad Request for url: https://compassuol.serverest.dev/produtos</status>
</kw>
<kw name="Validar resposta 09" owner="fluxo03">
<status status="NOT RUN" start="2025-06-04T18:41:03.840153" elapsed="0.000026"/>
</kw>
<status status="FAIL" start="2025-06-04T18:41:03.346250" elapsed="0.494116">HTTPError: 400 Client Error: Bad Request for url: https://compassuol.serverest.dev/produtos</status>
</test>
<test id="s1-t9" name="Cenário 09: Cadastrar produto com nome já usado" line="57">
<kw name="Criar uma sessão no Serverest 09" owner="fluxo03">
<kw name="Create Dictionary" owner="BuiltIn">
<msg time="2025-06-04T18:41:03.842130" level="INFO">${HEADER} = {'Content-Type': 'application/json', 'Authorization': 'Bearer eyJhbGciOiJIUzI1NiIsInR5cCI6IkpXVCJ9.eyJlbWFpbCI6Im1pcmlhbmlpQHFhLmNvbSIsInBhc3N3b3JkIjoidGVzdGUxMjMiLCJpYXQiOjE3NDkwNzMyNjEsImV4cCI6MTc0O...</msg>
<var>${HEADER}</var>
<arg>Content-Type=application/json</arg>
<arg>Authorization=${TOKEN}</arg>
<doc>Creates and returns a dictionary based on the given ``items``.</doc>
<status status="PASS" start="2025-06-04T18:41:03.841894" elapsed="0.000268"/>
</kw>
<kw name="Create Session" owner="RequestsLibrary">
<msg time="2025-06-04T18:41:03.842488" level="INFO">Creating Session using : alias=Serverest, url=https://compassuol.serverest.dev, headers={'Content-Type': 'application/json', 'Authorization': 'Bearer eyJhbGciOiJIUzI1NiIsInR5cCI6IkpXVCJ9.eyJlbWFpbCI6Im1pcmlhbmlpQHFhLmNvbSIsInBhc3N3b3JkIjoidGVzdGUxMjMiLCJpYXQiOjE3NDkwNzMyNjEsImV4cCI6MTc0OTA3Mzg2MX0.YeCmhL6lypPZyIPQ4QxOAeDkfEudY79obWH2A8lHLEY'},                     cookies={}, auth=None, timeout=None, proxies=None, verify=False,                     debug=0 </msg>
<arg>Serverest</arg>
<arg>${URL_Serverest}</arg>
<arg>headers=${HEADER}</arg>
<doc>Create Session: create a HTTP session to a server</doc>
<status status="PASS" start="2025-06-04T18:41:03.842276" elapsed="0.000367"/>
</kw>
<status status="PASS" start="2025-06-04T18:41:03.841654" elapsed="0.001049"/>
</kw>
<kw name="Colocar as informações do mesmo produto cadastrado anteriormente" owner="fluxo03">
<kw name="Create Dictionary" owner="BuiltIn">
<msg time="2025-06-04T18:41:03.843296" level="INFO">${BODY} = {'nome': 'Mouse', 'preco': ' 470', 'descricao': ' Mouse', 'quantidade': ' 381'}</msg>
<var>${BODY}</var>
<arg>nome=${Nome_Produto}</arg>
<arg>preco= 470</arg>
<arg>descricao= Mouse</arg>
<arg>quantidade= 381</arg>
<doc>Creates and returns a dictionary based on the given ``items``.</doc>
<status status="PASS" start="2025-06-04T18:41:03.843097" elapsed="0.000222"/>
</kw>
<kw name="POST On Session" owner="RequestsLibrary">
<msg time="2025-06-04T18:41:04.363207" level="INFO">POST Request : url=https://compassuol.serverest.dev/produtos 
 path_url=/produtos 
 headers={'User-Agent': 'python-requests/2.32.3', 'Accept-Encoding': 'gzip, deflate', 'Accept': '*/*', 'Connection': 'keep-alive', 'Content-Type': 'application/json', 'Authorization': 'Bearer eyJhbGciOiJIUzI1NiIsInR5cCI6IkpXVCJ9.eyJlbWFpbCI6Im1pcmlhbmlpQHFhLmNvbSIsInBhc3N3b3JkIjoidGVzdGUxMjMiLCJpYXQiOjE3NDkwNzMyNjEsImV4cCI6MTc0OTA3Mzg2MX0.YeCmhL6lypPZyIPQ4QxOAeDkfEudY79obWH2A8lHLEY', 'Content-Length': '79'} 
 body=b'{"nome": "Mouse", "preco": " 470", "descricao": " Mouse", "quantidade": " 381"}' 
 </msg>
<msg time="2025-06-04T18:41:04.363369" level="INFO">POST Response : url=https://compassuol.serverest.dev/produtos 
 status=400, reason=Bad Request 
 headers={'access-control-allow-origin': '*', 'x-dns-prefetch-control': 'off', 'x-frame-options': 'SAMEORIGIN', 'strict-transport-security': 'max-age=15552000; includeSubDomains', 'x-download-options': 'noopen', 'x-content-type-options': 'nosniff', 'x-xss-protection': '1; mode=block', 'content-type': 'application/json; charset=utf-8', 'x-cloud-trace-context': 'd01e32428ecfcbd75946024af91f0710', 'date': 'Wed, 04 Jun 2025 21:41:04 GMT', 'server': 'Google Frontend', 'Content-Length': '53'} 
 body={
    "message": "Já existe produto com esse nome"
} 
 </msg>
<msg time="2025-06-04T18:41:04.363443" level="INFO">C:\Users\breme\AppData\Roaming\Python\Python313\site-packages\urllib3\connectionpool.py:1097: InsecureRequestWarning: Unverified HTTPS request is being made to host 'compassuol.serverest.dev'. Adding certificate verification is strongly advised. See: https://urllib3.readthedocs.io/en/latest/advanced-usage.html#tls-warnings
  warnings.warn(</msg>
<msg time="2025-06-04T18:41:04.364521" level="INFO">${CADASTRO} = &lt;Response [400]&gt;</msg>
<var>${CADASTRO}</var>
<arg>Serverest</arg>
<arg>/produtos</arg>
<arg>json=${BODY}</arg>
<arg>expected_status=anything</arg>
<doc>Sends a POST request on a previously created HTTP Session.</doc>
<status status="PASS" start="2025-06-04T18:41:03.843414" elapsed="0.521155"/>
</kw>
<kw name="Set Test Variable" owner="BuiltIn">
<msg time="2025-06-04T18:41:04.364994" level="INFO">${CADASTRO} = &lt;Response [400]&gt;</msg>
<arg>${CADASTRO}</arg>
<doc>Makes a variable available everywhere within the scope of the current test.</doc>
<status status="PASS" start="2025-06-04T18:41:04.364780" elapsed="0.000264"/>
</kw>
<status status="PASS" start="2025-06-04T18:41:03.842887" elapsed="0.522228"/>
</kw>
<kw name="Validar a resposta 10" owner="fluxo03">
<kw name="Should Be Equal As Integers" owner="BuiltIn">
<msg time="2025-06-04T18:41:04.366758" level="INFO">Argument types are:
&lt;class 'int'&gt;
&lt;class 'str'&gt;</msg>
<arg>${CADASTRO.status_code}</arg>
<arg>400</arg>
<doc>Fails if objects are unequal after converting them to integers.</doc>
<status status="PASS" start="2025-06-04T18:41:04.366257" elapsed="0.000571"/>
</kw>
<status status="PASS" start="2025-06-04T18:41:04.365940" elapsed="0.000958"/>
</kw>
<status status="PASS" start="2025-06-04T18:41:03.841294" elapsed="0.525854"/>
</test>
<test id="s1-t10" name="Cenário 10: Atualizar produto com nome já existente" line="62">
<kw name="Criar uma sessão no Serverest 10" owner="fluxo03">
<kw name="Create Dictionary" owner="BuiltIn">
<msg time="2025-06-04T18:41:04.368724" level="INFO">${HEADER} = {'Content-Type': 'application/json', 'Authorization': 'Bearer eyJhbGciOiJIUzI1NiIsInR5cCI6IkpXVCJ9.eyJlbWFpbCI6Im1pcmlhbmlpQHFhLmNvbSIsInBhc3N3b3JkIjoidGVzdGUxMjMiLCJpYXQiOjE3NDkwNzMyNjEsImV4cCI6MTc0O...</msg>
<var>${HEADER}</var>
<arg>Content-Type=application/json</arg>
<arg>Authorization=${TOKEN}</arg>
<doc>Creates and returns a dictionary based on the given ``items``.</doc>
<status status="PASS" start="2025-06-04T18:41:04.368507" elapsed="0.000245"/>
</kw>
<kw name="Create Session" owner="RequestsLibrary">
<msg time="2025-06-04T18:41:04.369080" level="INFO">Creating Session using : alias=Serverest, url=https://compassuol.serverest.dev, headers={'Content-Type': 'application/json', 'Authorization': 'Bearer eyJhbGciOiJIUzI1NiIsInR5cCI6IkpXVCJ9.eyJlbWFpbCI6Im1pcmlhbmlpQHFhLmNvbSIsInBhc3N3b3JkIjoidGVzdGUxMjMiLCJpYXQiOjE3NDkwNzMyNjEsImV4cCI6MTc0OTA3Mzg2MX0.YeCmhL6lypPZyIPQ4QxOAeDkfEudY79obWH2A8lHLEY'},                     cookies={}, auth=None, timeout=None, proxies=None, verify=False,                     debug=0 </msg>
<arg>Serverest</arg>
<arg>${URL_Serverest}</arg>
<arg>headers=${HEADER}</arg>
<doc>Create Session: create a HTTP session to a server</doc>
<status status="PASS" start="2025-06-04T18:41:04.368863" elapsed="0.000370"/>
</kw>
<status status="PASS" start="2025-06-04T18:41:04.368240" elapsed="0.001063"/>
</kw>
<kw name="Tentar atualizar um produto com o nome do produto criado no C08" owner="fluxo03">
<kw name="Create Dictionary" owner="BuiltIn">
<msg time="2025-06-04T18:41:04.370546" level="INFO">${BODY} = {'nome': 'Mouse', 'preco': ' 470', 'descricao': ' Mouse', 'quantidade': '381'}</msg>
<var>${BODY}</var>
<arg>nome=${Nome_Produto}</arg>
<arg>preco= 470</arg>
<arg>descricao= Mouse</arg>
<arg>quantidade=381</arg>
<doc>Creates and returns a dictionary based on the given ``items``.</doc>
<status status="PASS" start="2025-06-04T18:41:04.370313" elapsed="0.000260"/>
</kw>
<kw name="PUT On Session" owner="RequestsLibrary">
<msg time="2025-06-04T18:41:04.773183" level="INFO">PUT Request : url=https://compassuol.serverest.dev/produtos/jogfODIlXsqxNFS2 
 path_url=/produtos/jogfODIlXsqxNFS2 
 headers={'User-Agent': 'python-requests/2.32.3', 'Accept-Encoding': 'gzip, deflate', 'Accept': '*/*', 'Connection': 'keep-alive', 'Content-Type': 'application/json', 'Authorization': 'Bearer eyJhbGciOiJIUzI1NiIsInR5cCI6IkpXVCJ9.eyJlbWFpbCI6Im1pcmlhbmlpQHFhLmNvbSIsInBhc3N3b3JkIjoidGVzdGUxMjMiLCJpYXQiOjE3NDkwNzMyNjEsImV4cCI6MTc0OTA3Mzg2MX0.YeCmhL6lypPZyIPQ4QxOAeDkfEudY79obWH2A8lHLEY', 'Content-Length': '78'} 
 body=b'{"nome": "Mouse", "preco": " 470", "descricao": " Mouse", "quantidade": "381"}' 
 </msg>
<msg time="2025-06-04T18:41:04.773350" level="INFO">PUT Response : url=https://compassuol.serverest.dev/produtos/jogfODIlXsqxNFS2 
 status=400, reason=Bad Request 
 headers={'access-control-allow-origin': '*', 'x-dns-prefetch-control': 'off', 'x-frame-options': 'SAMEORIGIN', 'strict-transport-security': 'max-age=15552000; includeSubDomains', 'x-download-options': 'noopen', 'x-content-type-options': 'nosniff', 'x-xss-protection': '1; mode=block', 'content-type': 'application/json; charset=utf-8', 'x-cloud-trace-context': '0ccc80dfe67c8584db3e188b347ebb68', 'date': 'Wed, 04 Jun 2025 21:41:04 GMT', 'server': 'Google Frontend', 'Content-Length': '53'} 
 body={
    "message": "Já existe produto com esse nome"
} 
 </msg>
<msg time="2025-06-04T18:41:04.773517" level="INFO">C:\Users\breme\AppData\Roaming\Python\Python313\site-packages\urllib3\connectionpool.py:1097: InsecureRequestWarning: Unverified HTTPS request is being made to host 'compassuol.serverest.dev'. Adding certificate verification is strongly advised. See: https://urllib3.readthedocs.io/en/latest/advanced-usage.html#tls-warnings
  warnings.warn(</msg>
<msg time="2025-06-04T18:41:04.775603" level="INFO">${Atualizacao} = &lt;Response [400]&gt;</msg>
<var>${Atualizacao}</var>
<arg>Serverest</arg>
<arg>/produtos/jogfODIlXsqxNFS2</arg>
<arg>json=${BODY}</arg>
<arg>expected_status=anything</arg>
<doc>Sends a PUT request on a previously created HTTP Session.</doc>
<status status="PASS" start="2025-06-04T18:41:04.370687" elapsed="0.404988"/>
</kw>
<kw name="Set Test Variable" owner="BuiltIn">
<msg time="2025-06-04T18:41:04.776223" level="INFO">${Atualizacao} = &lt;Response [400]&gt;</msg>
<arg>${Atualizacao}</arg>
<doc>Makes a variable available everywhere within the scope of the current test.</doc>
<status status="PASS" start="2025-06-04T18:41:04.775941" elapsed="0.000366"/>
</kw>
<status status="PASS" start="2025-06-04T18:41:04.370082" elapsed="0.406320"/>
</kw>
<kw name="Validar resposta 11" owner="fluxo03">
<kw name="Should Be Equal As Integers" owner="BuiltIn">
<msg time="2025-06-04T18:41:04.777668" level="INFO">Argument types are:
&lt;class 'int'&gt;
&lt;class 'str'&gt;</msg>
<arg>${Atualizacao.status_code}</arg>
<arg>400</arg>
<doc>Fails if objects are unequal after converting them to integers.</doc>
<status status="PASS" start="2025-06-04T18:41:04.777037" elapsed="0.000710"/>
</kw>
<status status="PASS" start="2025-06-04T18:41:04.776718" elapsed="0.001110"/>
</kw>
<status status="PASS" start="2025-06-04T18:41:04.367730" elapsed="0.410300"/>
</test>
<test id="s1-t11" name="Cenário 11: Tentar realizar ação em produto sem autenticação" line="67">
<kw name="Criar uma sessão no Serverest 11">
<msg time="2025-06-04T18:41:04.823455" level="FAIL">No keyword with name 'Criar uma sessão no Serverest 11' found. Did you mean:
    fluxo03.Criar uma sessão no Serverest 10
    fluxo01.Criar uma sessão no Serverest 01
    fluxo03.Criar uma sessão no Serverest 09
    fluxo02.Criar uma sessão no Serverest 07
    fluxo02.Criar uma sessão no Serverest 06
    fluxo02.Criar uma sessão no Serverest 05
    fluxo01.Criar uma sessão no Serverest 04
    fluxo01.Criar uma sessão no Serverest 03
    fluxo01.Criar uma sessão no Serverest 02</msg>
<status status="FAIL" start="2025-06-04T18:41:04.823245" elapsed="0.000296">No keyword with name 'Criar uma sessão no Serverest 11' found. Did you mean:
    fluxo03.Criar uma sessão no Serverest 10
    fluxo01.Criar uma sessão no Serverest 01
    fluxo03.Criar uma sessão no Serverest 09
    fluxo02.Criar uma sessão no Serverest 07
    fluxo02.Criar uma sessão no Serverest 06
    fluxo02.Criar uma sessão no Serverest 05
    fluxo01.Criar uma sessão no Serverest 04
    fluxo01.Criar uma sessão no Serverest 03
    fluxo01.Criar uma sessão no Serverest 02</status>
</kw>
<kw name="Tentar cadastrar um produto sem autenticação">
<status status="NOT RUN" start="2025-06-04T18:41:04.823876" elapsed="0.000033"/>
</kw>
<kw name="Validar resposta 12">
<status status="NOT RUN" start="2025-06-04T18:41:04.824111" elapsed="0.000022"/>
</kw>
<status status="FAIL" start="2025-06-04T18:41:04.820233" elapsed="0.004118">No keyword with name 'Criar uma sessão no Serverest 11' found. Did you mean:
    fluxo03.Criar uma sessão no Serverest 10
    fluxo01.Criar uma sessão no Serverest 01
    fluxo03.Criar uma sessão no Serverest 09
    fluxo02.Criar uma sessão no Serverest 07
    fluxo02.Criar uma sessão no Serverest 06
    fluxo02.Criar uma sessão no Serverest 05
    fluxo01.Criar uma sessão no Serverest 04
    fluxo01.Criar uma sessão no Serverest 03
    fluxo01.Criar uma sessão no Serverest 02</status>
</test>
<status status="FAIL" start="2025-06-04T18:40:58.577151" elapsed="6.249617"/>
</suite>
<statistics>
<total>
<stat pass="7" fail="4" skip="0">All Tests</stat>
</total>
<tag>
</tag>
<suite>
<stat name="Base01" id="s1" pass="7" fail="4" skip="0">Base01</stat>
</suite>
</statistics>
<errors>
<msg time="2025-06-04T18:40:58.614772" level="ERROR">Error in file 'C:\Users\breme\OneDrive\Área de Trabalho\Compass uol\Compass-uol\Sprints\Sprint06\Challenge03\API_Serverest_Tests\Resources\fluxo01.robot' on line 2: Error in file 'C:\Users\breme\OneDrive\Área de Trabalho\Compass uol\Compass-uol\Sprints\Sprint06\Challenge03\API_Serverest_Tests\Tests\base01.robot' on line 9: Resource file with 'Test Cases' section is invalid.</msg>
<msg time="2025-06-04T18:40:59.012687" level="ERROR">Error in file 'C:\Users\breme\OneDrive\Área de Trabalho\Compass uol\Compass-uol\Sprints\Sprint06\Challenge03\API_Serverest_Tests\Resources\fluxo02.robot' on line 2: Error in file 'C:\Users\breme\OneDrive\Área de Trabalho\Compass uol\Compass-uol\Sprints\Sprint06\Challenge03\API_Serverest_Tests\Tests\base01.robot' on line 9: Resource file with 'Test Cases' section is invalid.</msg>
<msg time="2025-06-04T18:40:59.017121" level="ERROR">Error in file 'C:\Users\breme\OneDrive\Área de Trabalho\Compass uol\Compass-uol\Sprints\Sprint06\Challenge03\API_Serverest_Tests\Resources\fluxo03.robot' on line 2: Error in file 'C:\Users\breme\OneDrive\Área de Trabalho\Compass uol\Compass-uol\Sprints\Sprint06\Challenge03\API_Serverest_Tests\Tests\base01.robot' on line 9: Resource file with 'Test Cases' section is invalid.</msg>
</errors>
</robot>
