<?xml version="1.0" encoding="UTF-8"?>
<robot generator="Robot 7.2.2 (Python 3.13.3 on win32)" generated="2025-05-20T16:50:30.840214" rpa="false" schemaversion="5">
<suite id="s1" name="Test3" source="C:\Users\breme\testesRobot\test3.robot">
<test id="s1-t1" name="Imprimir Meses E Dias No Console" line="17">
<kw name="Log To Console" owner="BuiltIn">
<arg>Janeiro tem ${MESES['Janeiro']} dias</arg>
<doc>Logs the given message to the console.</doc>
<status status="PASS" start="2025-05-20T16:50:30.886197" elapsed="0.000756"/>
</kw>
<kw name="Log To Console" owner="BuiltIn">
<arg>Fevereiro tem ${MESES['Fevereiro']} dias</arg>
<doc>Logs the given message to the console.</doc>
<status status="PASS" start="2025-05-20T16:50:30.887424" elapsed="0.000588"/>
</kw>
<kw name="Log To Console" owner="BuiltIn">
<arg>Março tem ${MESES['Março']} dias</arg>
<doc>Logs the given message to the console.</doc>
<status status="PASS" start="2025-05-20T16:50:30.888430" elapsed="0.002187"/>
</kw>
<kw name="Log To Console" owner="BuiltIn">
<arg>Abril tem ${MESES['Abril']} dias</arg>
<doc>Logs the given message to the console.</doc>
<status status="PASS" start="2025-05-20T16:50:30.890937" elapsed="0.002445"/>
</kw>
<kw name="Log To Console" owner="BuiltIn">
<arg>Maio tem ${MESES['Maio']} dias</arg>
<doc>Logs the given message to the console.</doc>
<status status="PASS" start="2025-05-20T16:50:30.893959" elapsed="0.001345"/>
</kw>
<kw name="Log To Console" owner="BuiltIn">
<arg>Junho tem ${MESES['Junho']} dias</arg>
<doc>Logs the given message to the console.</doc>
<status status="PASS" start="2025-05-20T16:50:30.895574" elapsed="0.001189"/>
</kw>
<kw name="Log To Console" owner="BuiltIn">
<arg>Julho tem ${MESES['Julho']} dias</arg>
<doc>Logs the given message to the console.</doc>
<status status="PASS" start="2025-05-20T16:50:30.899666" elapsed="0.001789"/>
</kw>
<kw name="Log To Console" owner="BuiltIn">
<arg>Agosto tem ${MESES['Agosto']} dias</arg>
<doc>Logs the given message to the console.</doc>
<status status="PASS" start="2025-05-20T16:50:30.902272" elapsed="0.001292"/>
</kw>
<kw name="Log To Console" owner="BuiltIn">
<arg>Setembro tem ${MESES['Setembro']} dias</arg>
<doc>Logs the given message to the console.</doc>
<status status="PASS" start="2025-05-20T16:50:30.903870" elapsed="0.000883"/>
</kw>
<kw name="Log To Console" owner="BuiltIn">
<arg>Outubro tem ${MESES['Outubro']} dias</arg>
<doc>Logs the given message to the console.</doc>
<status status="PASS" start="2025-05-20T16:50:30.905319" elapsed="0.000632"/>
</kw>
<kw name="Log To Console" owner="BuiltIn">
<arg>Novembro tem ${MESES['Novembro']} dias</arg>
<doc>Logs the given message to the console.</doc>
<status status="PASS" start="2025-05-20T16:50:30.906299" elapsed="0.000548"/>
</kw>
<kw name="Log To Console" owner="BuiltIn">
<arg>Dezembro tem ${MESES['Dezembro']} dias</arg>
<doc>Logs the given message to the console.</doc>
<status status="PASS" start="2025-05-20T16:50:30.907136" elapsed="0.000504"/>
</kw>
<status status="PASS" start="2025-05-20T16:50:30.885321" elapsed="0.022717"/>
</test>
<status status="PASS" start="2025-05-20T16:50:30.843391" elapsed="0.067201"/>
</suite>
<statistics>
<total>
<stat pass="1" fail="0" skip="0">All Tests</stat>
</total>
<tag>
</tag>
<suite>
<stat name="Test3" id="s1" pass="1" fail="0" skip="0">Test3</stat>
</suite>
</statistics>
<errors>
</errors>
</robot>
