<?xml version="1.0" encoding="UTF-8"?>
<robot generator="Robot 7.2.2 (Python 3.13.3 on win32)" generated="2025-06-01T20:56:30.214292" rpa="false" schemaversion="5">
<suite id="s1" name="Base Resource" source="C:\Users\breme\OneDrive\Área de Trabalho\Compass uol\Compass-uol\Api_Tests_Refatorado\Resources\base_resource.robot">
<test id="s1-t1" name="Cenário 01: Fazer a autenticação do usuário e armazenar o token" line="13">
<kw name="Criar sessão com header" owner="auth">
<kw name="Create Dictionary" owner="BuiltIn">
<msg time="2025-06-01T20:56:30.696726" level="INFO">${HEADERS} = {'Content-Type': 'application/json'}</msg>
<var>${HEADERS}</var>
<arg>Content-Type=application/json</arg>
<doc>Creates and returns a dictionary based on the given ``items``.</doc>
<status status="PASS" start="2025-06-01T20:56:30.696508" elapsed="0.000250"/>
</kw>
<kw name="Create Session" owner="RequestsLibrary">
<msg time="2025-06-01T20:56:30.697069" level="INFO">Creating Session using : alias=Booker, url=https://restful-booker.herokuapp.com, headers={'Content-Type': 'application/json'},                     cookies={}, auth=None, timeout=None, proxies=None, verify=False,                     debug=0 </msg>
<arg>alias=Booker</arg>
<arg>url=${URL}</arg>
<arg>headers=${HEADERS}</arg>
<doc>Create Session: create a HTTP session to a server</doc>
<status status="PASS" start="2025-06-01T20:56:30.696861" elapsed="0.000369"/>
</kw>
<status status="PASS" start="2025-06-01T20:56:30.696068" elapsed="0.001223"/>
</kw>
<kw name="Criar body de autenticação" owner="auth">
<kw name="Create Dictionary" owner="BuiltIn">
<msg time="2025-06-01T20:56:30.697865" level="INFO">${BODY} = {'username': 'admin', 'password': 'password123'}</msg>
<var>${BODY}</var>
<arg>username=${USERNAME}</arg>
<arg>password=${PASSWORD}</arg>
<doc>Creates and returns a dictionary based on the given ``items``.</doc>
<status status="PASS" start="2025-06-01T20:56:30.697701" elapsed="0.000196"/>
</kw>
<kw name="Set Global Variable" owner="BuiltIn">
<msg time="2025-06-01T20:56:30.698088" level="INFO">${BODY} = {'username': 'admin', 'password': 'password123'}</msg>
<arg>${BODY}</arg>
<doc>Makes a variable available globally in all tests and suites.</doc>
<status status="PASS" start="2025-06-01T20:56:30.697969" elapsed="0.000145"/>
</kw>
<status status="PASS" start="2025-06-01T20:56:30.697526" elapsed="0.000622"/>
</kw>
<kw name="Fazer uma requisição" owner="auth">
<kw name="POST On Session" owner="RequestsLibrary">
<msg time="2025-06-01T20:56:31.622473" level="INFO">POST Request : url=https://restful-booker.herokuapp.com/auth 
 path_url=/auth 
 headers={'User-Agent': 'python-requests/2.32.3', 'Accept-Encoding': 'gzip, deflate', 'Accept': '*/*', 'Connection': 'keep-alive', 'Content-Type': 'application/json', 'Content-Length': '48'} 
 body=b'{"username": "admin", "password": "password123"}' 
 </msg>
<msg time="2025-06-01T20:56:31.622657" level="INFO">POST Response : url=https://restful-booker.herokuapp.com/auth 
 status=200, reason=OK 
 headers={'Content-Length': '27', 'Content-Type': 'application/json; charset=utf-8', 'Date': 'Sun, 01 Jun 2025 23:56:31 GMT', 'Etag': 'W/"1b-76nxubRoMgmef9ZfPb3m6SeyJHc"', 'Nel': '{"report_to":"heroku-nel","response_headers":["Via"],"max_age":3600,"success_fraction":0.01,"failure_fraction":0.1}', 'Report-To': '{"group":"heroku-nel","endpoints":[{"url":"https://nel.heroku.com/reports?s=qmoZl0Lt1togurxZfDbcDvcGScuFKKmbfvcb2ORU3ws%3D\\u0026sid=c46efe9b-d3d2-4a0c-8c76-bfafa16c5add\\u0026ts=1748822191"}],"max_age":3600}', 'Reporting-Endpoints': 'heroku-nel="https://nel.heroku.com/reports?s=qmoZl0Lt1togurxZfDbcDvcGScuFKKmbfvcb2ORU3ws%3D&amp;sid=c46efe9b-d3d2-4a0c-8c76-bfafa16c5add&amp;ts=1748822191"', 'Server': 'Heroku', 'Via': '1.1 heroku-router', 'X-Powered-By': 'Express'} 
 body={"token":"0f4a27b2d4f9354"} 
 </msg>
<msg time="2025-06-01T20:56:31.622766" level="INFO">C:\Users\breme\AppData\Roaming\Python\Python313\site-packages\urllib3\connectionpool.py:1097: InsecureRequestWarning: Unverified HTTPS request is being made to host 'restful-booker.herokuapp.com'. Adding certificate verification is strongly advised. See: https://urllib3.readthedocs.io/en/latest/advanced-usage.html#tls-warnings
  warnings.warn(</msg>
<msg time="2025-06-01T20:56:31.623406" level="INFO">${RESPONSE} = &lt;Response [200]&gt;</msg>
<var>${RESPONSE}</var>
<arg>Booker</arg>
<arg>/auth</arg>
<arg>json=${BODY}</arg>
<doc>Sends a POST request on a previously created HTTP Session.</doc>
<status status="PASS" start="2025-06-01T20:56:30.698470" elapsed="0.925017"/>
</kw>
<kw name="Set Global Variable" owner="BuiltIn">
<msg time="2025-06-01T20:56:31.624204" level="INFO">${RESPONSE} = &lt;Response [200]&gt;</msg>
<arg>${RESPONSE}</arg>
<doc>Makes a variable available globally in all tests and suites.</doc>
<status status="PASS" start="2025-06-01T20:56:31.623831" elapsed="0.000457"/>
</kw>
<status status="PASS" start="2025-06-01T20:56:30.698323" elapsed="0.926095"/>
</kw>
<kw name="Armazenar o token gerado" owner="auth">
<kw name="Set Variable" owner="BuiltIn">
<msg time="2025-06-01T20:56:31.625947" level="INFO">${TOKEN} = 0f4a27b2d4f9354</msg>
<var>${TOKEN}</var>
<arg>${RESPONSE.json()['token']}</arg>
<doc>Returns the given values which can then be assigned to a variables.</doc>
<status status="PASS" start="2025-06-01T20:56:31.625196" elapsed="0.000800"/>
</kw>
<kw name="Log" owner="BuiltIn">
<msg time="2025-06-01T20:56:31.626451" level="INFO">Token gerado: 0f4a27b2d4f9354</msg>
<arg>Token gerado: ${TOKEN}</arg>
<doc>Logs the given message with the given level.</doc>
<status status="PASS" start="2025-06-01T20:56:31.626196" elapsed="0.000357"/>
</kw>
<kw name="Set Global Variable" owner="BuiltIn">
<msg time="2025-06-01T20:56:31.626965" level="INFO">${TOKEN} = 0f4a27b2d4f9354</msg>
<arg>${TOKEN}</arg>
<doc>Makes a variable available globally in all tests and suites.</doc>
<status status="PASS" start="2025-06-01T20:56:31.626719" elapsed="0.000316"/>
</kw>
<status status="PASS" start="2025-06-01T20:56:31.624843" elapsed="0.002274"/>
</kw>
<kw name="Validar se o token é válido" owner="auth">
<kw name="Should Not Be Empty" owner="BuiltIn">
<msg time="2025-06-01T20:56:31.628045" level="INFO">Length is 15.</msg>
<arg>${TOKEN}</arg>
<doc>Verifies that the given item is not empty.</doc>
<status status="PASS" start="2025-06-01T20:56:31.627853" elapsed="0.000258"/>
</kw>
<kw name="Log To Console" owner="BuiltIn">
<arg>Token recebido: ${TOKEN}</arg>
<doc>Logs the given message to the console.</doc>
<status status="PASS" start="2025-06-01T20:56:31.628243" elapsed="0.000429"/>
</kw>
<status status="PASS" start="2025-06-01T20:56:31.627498" elapsed="0.001359"/>
</kw>
<status status="PASS" start="2025-06-01T20:56:30.695494" elapsed="0.933869"/>
</test>
<test id="s1-t2" name="Cenário 02: Criar uma nova reserva no Booker" line="20">
<kw name="Criar uma sessão com o header adequado" owner="booking">
<kw name="Create Dictionary" owner="BuiltIn">
<msg time="2025-06-01T20:56:31.639574" level="INFO">${HEADERS} = {'Content-Type': 'application/json', 'Accept': 'application/json'}</msg>
<var>${HEADERS}</var>
<arg>Content-Type=application/json</arg>
<arg>Accept=application/json</arg>
<doc>Creates and returns a dictionary based on the given ``items``.</doc>
<status status="PASS" start="2025-06-01T20:56:31.639048" elapsed="0.000594"/>
</kw>
<kw name="Create Session" owner="RequestsLibrary">
<msg time="2025-06-01T20:56:31.641020" level="INFO">Creating Session using : alias=Booker, url=https://restful-booker.herokuapp.com, headers={'Content-Type': 'application/json', 'Accept': 'application/json'},                     cookies={}, auth=None, timeout=None, proxies=None, verify=False,                     debug=0 </msg>
<arg>alias=Booker</arg>
<arg>url=${URL}</arg>
<arg>headers=${HEADERS}</arg>
<doc>Create Session: create a HTTP session to a server</doc>
<status status="PASS" start="2025-06-01T20:56:31.640615" elapsed="0.000678"/>
</kw>
<status status="PASS" start="2025-06-01T20:56:31.638234" elapsed="0.003153"/>
</kw>
<kw name="Criar um body com os dados da reserva" owner="booking">
<kw name="Create Dictionary" owner="BuiltIn">
<msg time="2025-06-01T20:56:31.644849" level="INFO">${BODY} = {'firstname': 'Jimm', 'lastname': 'Brownn', 'totalprice': '111', 'depositpaid': True}</msg>
<var>${BODY}</var>
<arg>firstname=Jimm</arg>
<arg>lastname=Brownn</arg>
<arg>totalprice=111</arg>
<arg>depositpaid=${True}</arg>
<doc>Creates and returns a dictionary based on the given ``items``.</doc>
<status status="PASS" start="2025-06-01T20:56:31.644365" elapsed="0.000522"/>
</kw>
<kw name="Create Dictionary" owner="BuiltIn">
<msg time="2025-06-01T20:56:31.645196" level="INFO">${BOOKINGDATES} = {'checkin': '2018-01-01', 'checkout': '2019-01-01'}</msg>
<var>${BOOKINGDATES}</var>
<arg>checkin=2018-01-01</arg>
<arg>checkout=2019-01-01</arg>
<doc>Creates and returns a dictionary based on the given ``items``.</doc>
<status status="PASS" start="2025-06-01T20:56:31.645024" elapsed="0.000199"/>
</kw>
<kw name="Set To Dictionary" owner="Collections">
<arg>${BODY}</arg>
<arg>bookingdates=${BOOKINGDATES}</arg>
<doc>Adds the given ``key_value_pairs`` and/or ``items`` to the ``dictionary``.</doc>
<status status="PASS" start="2025-06-01T20:56:31.645324" elapsed="0.000170"/>
</kw>
<kw name="Set To Dictionary" owner="Collections">
<arg>${BODY}</arg>
<arg>additionalneeds=Breakfast</arg>
<doc>Adds the given ``key_value_pairs`` and/or ``items`` to the ``dictionary``.</doc>
<status status="PASS" start="2025-06-01T20:56:31.645598" elapsed="0.000126"/>
</kw>
<return>
<value>${BODY}</value>
<status status="PASS" start="2025-06-01T20:56:31.645779" elapsed="0.000058"/>
</return>
<status status="PASS" start="2025-06-01T20:56:31.643117" elapsed="0.002820"/>
</kw>
<kw name="Fazer uma requisição no Booker" owner="booking">
<msg time="2025-06-01T20:56:31.646439" level="FAIL">Keyword 'booking.Fazer uma requisição no Booker' expected 1 argument, got 0.</msg>
<status status="FAIL" start="2025-06-01T20:56:31.646301" elapsed="0.000179">Keyword 'booking.Fazer uma requisição no Booker' expected 1 argument, got 0.</status>
</kw>
<kw name="Validar a response" owner="booking">
<status status="NOT RUN" start="2025-06-01T20:56:31.646733" elapsed="0.000022"/>
</kw>
<kw name="Armazenar o ID do produto" owner="booking">
<status status="NOT RUN" start="2025-06-01T20:56:31.646932" elapsed="0.000018"/>
</kw>
<status status="FAIL" start="2025-06-01T20:56:31.637436" elapsed="0.009683">Keyword 'booking.Fazer uma requisição no Booker' expected 1 argument, got 0.</status>
</test>
<status status="FAIL" start="2025-06-01T20:56:30.222201" elapsed="1.425709"/>
</suite>
<statistics>
<total>
<stat pass="1" fail="1" skip="0">All Tests</stat>
</total>
<tag>
</tag>
<suite>
<stat name="Base Resource" id="s1" pass="1" fail="1" skip="0">Base Resource</stat>
</suite>
</statistics>
<errors>
<msg time="2025-06-01T20:56:30.692071" level="ERROR">Error in file 'C:\Users\breme\OneDrive\Área de Trabalho\Compass uol\Compass-uol\Api_Tests_Refatorado\Tests\auth.robot' on line 2: Error in file 'C:\Users\breme\OneDrive\Área de Trabalho\Compass uol\Compass-uol\Api_Tests_Refatorado\Resources\base_resource.robot' on line 12: Resource file with 'Test Cases' section is invalid.</msg>
<msg time="2025-06-01T20:56:30.693609" level="WARN">Error in file 'C:\Users\breme\OneDrive\Área de Trabalho\Compass uol\Compass-uol\Api_Tests_Refatorado\Tests\booking.robot' on line 21: The '[Return]' setting is deprecated. Use the 'RETURN' statement instead.</msg>
<msg time="2025-06-01T20:56:30.694668" level="ERROR">Error in file 'C:\Users\breme\OneDrive\Área de Trabalho\Compass uol\Compass-uol\Api_Tests_Refatorado\Tests\booking.robot' on line 2: Error in file 'C:\Users\breme\OneDrive\Área de Trabalho\Compass uol\Compass-uol\Api_Tests_Refatorado\Resources\base_resource.robot' on line 12: Resource file with 'Test Cases' section is invalid.</msg>
</errors>
</robot>
