<?xml version="1.0" encoding="UTF-8"?>
<robot generator="Robot 7.2.2 (Python 3.13.3 on win32)" generated="2025-05-27T16:47:51.464263" rpa="false" schemaversion="5">
<suite id="s1" name="Base" source="C:\Users\breme\OneDrive\Área de Trabalho\Compass uol\Compass-uol\ApiTest\Booking\base.robot">
<test id="s1-t1" name="Cenário 02: Criar uma reserva com massa de dados dinâmica" line="10">
<kw name="Criar uma seção no Booker">
<msg time="2025-05-27T16:47:51.946960" level="FAIL">No keyword with name 'Criar uma seção no Booker' found.</msg>
<status status="FAIL" start="2025-05-27T16:47:51.946904" elapsed="0.000119">No keyword with name 'Criar uma seção no Booker' found.</status>
</kw>
<kw name="Gerar massa de dados dinâmica">
<status status="NOT RUN" start="2025-05-27T16:47:51.947272" elapsed="0.000025"/>
</kw>
<kw name="Criar uma nova reserva com massa dinâmica">
<status status="NOT RUN" start="2025-05-27T16:47:51.947450" elapsed="0.000018"/>
</kw>
<kw name="Armazenar o ID do produto como uma variável global">
<status status="NOT RUN" start="2025-05-27T16:47:51.947606" elapsed="0.000014"/>
</kw>
<status status="FAIL" start="2025-05-27T16:47:51.944597" elapsed="0.003185">No keyword with name 'Criar uma seção no Booker' found.</status>
</test>
<test id="s1-t2" name="Cenário 03: Buscar uma reserva específica" line="16">
<kw name="Criar uma seção no Booker">
<msg time="2025-05-27T16:47:51.950654" level="FAIL">No keyword with name 'Criar uma seção no Booker' found.</msg>
<status status="FAIL" start="2025-05-27T16:47:51.950598" elapsed="0.000119">No keyword with name 'Criar uma seção no Booker' found.</status>
</kw>
<kw name="Consultar com o ID gerado no C2">
<status status="NOT RUN" start="2025-05-27T16:47:51.951791" elapsed="0.001722"/>
</kw>
<status status="FAIL" start="2025-05-27T16:47:51.948631" elapsed="0.008400">No keyword with name 'Criar uma seção no Booker' found.</status>
</test>
<test id="s1-t3" name="Cenário 04: Atualizar a reserva criada anteriormente" line="20">
<kw name="Criar uma seção no Booker">
<msg time="2025-05-27T16:47:51.961360" level="FAIL">No keyword with name 'Criar uma seção no Booker' found.</msg>
<status status="FAIL" start="2025-05-27T16:47:51.961303" elapsed="0.000123">No keyword with name 'Criar uma seção no Booker' found.</status>
</kw>
<kw name="Utilizar o token de autenticação já criado">
<status status="NOT RUN" start="2025-05-27T16:47:51.966377" elapsed="0.000054"/>
</kw>
<kw name="Gerar body atualizado">
<status status="NOT RUN" start="2025-05-27T16:47:51.967706" elapsed="0.000039"/>
</kw>
<kw name="Atualizar uma reserva com ID válido">
<arg>${ID_RESERVA}</arg>
<arg>${BODY_ATUALIZADO}</arg>
<status status="NOT RUN" start="2025-05-27T16:47:51.967956" elapsed="0.000023"/>
</kw>
<status status="FAIL" start="2025-05-27T16:47:51.958532" elapsed="0.009693">No keyword with name 'Criar uma seção no Booker' found.</status>
</test>
<test id="s1-t4" name="Cenário 05: Deletar uma reserva específica" line="26">
<kw name="Criar uma seção no Booker">
<msg time="2025-05-27T16:47:51.971808" level="FAIL">No keyword with name 'Criar uma seção no Booker' found.</msg>
<status status="FAIL" start="2025-05-27T16:47:51.971755" elapsed="0.000114">No keyword with name 'Criar uma seção no Booker' found.</status>
</kw>
<kw name="Utilizar o token de autenticação já criado">
<status status="NOT RUN" start="2025-05-27T16:47:51.972105" elapsed="0.000064"/>
</kw>
<kw name="Deletar uma reserva com ID válido">
<arg>${ID_RESERVA}</arg>
<status status="NOT RUN" start="2025-05-27T16:47:51.972452" elapsed="0.000027"/>
</kw>
<status status="FAIL" start="2025-05-27T16:47:51.969989" elapsed="0.002705">No keyword with name 'Criar uma seção no Booker' found.</status>
</test>
<status status="FAIL" start="2025-05-27T16:47:51.466841" elapsed="0.508510"/>
</suite>
<statistics>
<total>
<stat pass="0" fail="4" skip="0">All Tests</stat>
</total>
<tag>
</tag>
<suite>
<stat name="Base" id="s1" pass="0" fail="4" skip="0">Base</stat>
</suite>
</statistics>
<errors>
<msg time="2025-05-27T16:47:51.942875" level="ERROR">Error in file 'C:\Users\breme\OneDrive\Área de Trabalho\Compass uol\Compass-uol\ApiTest\Booking\base.robot' on line 4: Importing library 'FakerLibrary' failed: ModuleNotFoundError: No module named 'pkg_resources'
Traceback (most recent call last):
  File "C:\Users\breme\AppData\Roaming\Python\Python313\site-packages\FakerLibrary\__init__.py", line 1, in &lt;module&gt;
    import pkg_resources
PYTHONPATH:
  C:\Users\breme\AppData\Roaming\Python\Python313\Scripts\robot.exe
  C:\Program Files\Python313\python313.zip
  C:\Program Files\Python313\DLLs
  C:\Program Files\Python313\Lib
  C:\Program Files\Python313
  C:\Users\breme\AppData\Roaming\Python\Python313\site-packages
  C:\Program Files\Python313\Lib\site-packages</msg>
</errors>
</robot>
